<?xml version="1.0" encoding="UTF-8"?>
<testsuite xmlns:xsi="http://www.w3.org/2001/XMLSchema-instance" xsi:noNamespaceSchemaLocation="https://maven.apache.org/surefire/maven-surefire-plugin/xsd/surefire-test-report-3.0.xsd" version="3.0" name="com.mycompany.app.AppTest" time="0.014" tests="1" errors="0" skipped="0" failures="0">
  <properties>
    <property name="java.specification.version" value="20"/>
    <property name="sun.jnu.encoding" value="UTF-8"/>
    <property name="java.class.path" value="/Users/rbrducki/Tabletop/git-projs/Studio/Shelf/Java/Projects/proj4/SpotClone/target/test-classes:/Users/rbrducki/.m2/repository/junit/junit/4.11/junit-4.11.jar:/Users/rbrducki/.m2/repository/org/hamcrest/hamcrest-core/1.3/hamcrest-core-1.3.jar:/Users/rbrducki/.m2/repository/org/openjfx/javafx-controls/20/javafx-controls-20.jar:/Users/rbrducki/.m2/repository/org/openjfx/javafx-controls/20/javafx-controls-20-mac-aarch64.jar:/Users/rbrducki/.m2/repository/org/openjfx/javafx-graphics/20/javafx-graphics-20.jar:/Users/rbrducki/.m2/repository/org/openjfx/javafx-graphics/20/javafx-graphics-20-mac-aarch64.jar:/Users/rbrducki/.m2/repository/org/openjfx/javafx-base/20/javafx-base-20.jar:/Users/rbrducki/.m2/repository/org/openjfx/javafx-base/20/javafx-base-20-mac-aarch64.jar:/Users/rbrducki/.m2/repository/org/openjfx/javafx-fxml/20/javafx-fxml-20.jar:/Users/rbrducki/.m2/repository/org/openjfx/javafx-fxml/20/javafx-fxml-20-mac-aarch64.jar:/Users/rbrducki/.m2/repository/org/openjfx/javafx-web/20/javafx-web-20.jar:/Users/rbrducki/.m2/repository/org/openjfx/javafx-web/20/javafx-web-20-mac-aarch64.jar:/Users/rbrducki/.m2/repository/org/openjfx/javafx-media/20/javafx-media-20.jar:/Users/rbrducki/.m2/repository/org/openjfx/javafx-media/20/javafx-media-20-mac-aarch64.jar:/Users/rbrducki/.m2/repository/com/google/code/gson/gson/2.9.0/gson-2.9.0.jar:"/>
    <property name="java.vm.vendor" value="Oracle Corporation"/>
    <property name="sun.arch.data.model" value="64"/>
    <property name="java.vendor.url" value="https://java.oracle.com/"/>
    <property name="os.name" value="Mac OS X"/>
    <property name="java.vm.specification.version" value="20"/>
    <property name="sun.java.launcher" value="SUN_STANDARD"/>
    <property name="user.country" value="US"/>
    <property name="sun.boot.library.path" value="/Library/Java/JavaVirtualMachines/jdk-20.jdk/Contents/Home/lib"/>
    <property name="sun.java.command" value="org.apache.maven.surefire.booter.ForkedBooter /Users/rbrducki/Tabletop/git-projs/Studio/Shelf/Java/Projects/proj4/SpotClone/target/surefire 2023-06-07T19-55-02_103-jvmRun1 surefire-20230607195502204_1tmp surefire_0-20230607195502204_2tmp"/>
    <property name="http.nonProxyHosts" value="local|*.local|169.254/16|*.169.254/16"/>
    <property name="jdk.debug" value="release"/>
    <property name="surefire.test.class.path" value="/Users/rbrducki/Tabletop/git-projs/Studio/Shelf/Java/Projects/proj4/SpotClone/target/test-classes:/Users/rbrducki/.m2/repository/junit/junit/4.11/junit-4.11.jar:/Users/rbrducki/.m2/repository/org/hamcrest/hamcrest-core/1.3/hamcrest-core-1.3.jar:/Users/rbrducki/.m2/repository/org/openjfx/javafx-controls/20/javafx-controls-20.jar:/Users/rbrducki/.m2/repository/org/openjfx/javafx-controls/20/javafx-controls-20-mac-aarch64.jar:/Users/rbrducki/.m2/repository/org/openjfx/javafx-graphics/20/javafx-graphics-20.jar:/Users/rbrducki/.m2/repository/org/openjfx/javafx-graphics/20/javafx-graphics-20-mac-aarch64.jar:/Users/rbrducki/.m2/repository/org/openjfx/javafx-base/20/javafx-base-20.jar:/Users/rbrducki/.m2/repository/org/openjfx/javafx-base/20/javafx-base-20-mac-aarch64.jar:/Users/rbrducki/.m2/repository/org/openjfx/javafx-fxml/20/javafx-fxml-20.jar:/Users/rbrducki/.m2/repository/org/openjfx/javafx-fxml/20/javafx-fxml-20-mac-aarch64.jar:/Users/rbrducki/.m2/repository/org/openjfx/javafx-web/20/javafx-web-20.jar:/Users/rbrducki/.m2/repository/org/openjfx/javafx-web/20/javafx-web-20-mac-aarch64.jar:/Users/rbrducki/.m2/repository/org/openjfx/javafx-media/20/javafx-media-20.jar:/Users/rbrducki/.m2/repository/org/openjfx/javafx-media/20/javafx-media-20-mac-aarch64.jar:/Users/rbrducki/.m2/repository/com/google/code/gson/gson/2.9.0/gson-2.9.0.jar:"/>
    <property name="sun.cpu.endian" value="little"/>
    <property name="user.home" value="/Users/rbrducki"/>
    <property name="user.language" value="en"/>
    <property name="java.specification.vendor" value="Oracle Corporation"/>
    <property name="jdk.module.path" value="/Users/rbrducki/Tabletop/git-projs/Studio/Shelf/Java/Projects/proj4/SpotClone/target/classes"/>
    <property name="java.version.date" value="2023-03-21"/>
    <property name="java.home" value="/Library/Java/JavaVirtualMachines/jdk-20.jdk/Contents/Home"/>
    <property name="file.separator" value="/"/>
    <property name="basedir" value="/Users/rbrducki/Tabletop/git-projs/Studio/Shelf/Java/Projects/proj4/SpotClone"/>
    <property name="java.vm.compressedOopsMode" value="Zero based"/>
    <property name="line.separator" value="&#10;"/>
    <property name="java.vm.specification.vendor" value="Oracle Corporation"/>
    <property name="java.specification.name" value="Java Platform API Specification"/>
    <property name="apple.awt.application.name" value="ForkedBooter"/>
    <property name="surefire.real.class.path" value="/Users/rbrducki/.m2/repository/org/apache/maven/surefire/surefire-booter/3.0.0/surefire-booter-3.0.0.jar:/Users/rbrducki/.m2/repository/org/apache/maven/surefire/surefire-api/3.0.0/surefire-api-3.0.0.jar:/Users/rbrducki/.m2/repository/org/apache/maven/surefire/surefire-extensions-spi/3.0.0/surefire-extensions-spi-3.0.0.jar:/Users/rbrducki/.m2/repository/org/apache/maven/surefire/surefire-logger-api/3.0.0/surefire-logger-api-3.0.0.jar:/Users/rbrducki/.m2/repository/org/apache/maven/surefire/surefire-shared-utils/3.0.0/surefire-shared-utils-3.0.0.jar:/Users/rbrducki/Tabletop/git-projs/Studio/Shelf/Java/Projects/proj4/SpotClone/target/test-classes:/Users/rbrducki/.m2/repository/junit/junit/4.11/junit-4.11.jar:/Users/rbrducki/.m2/repository/org/hamcrest/hamcrest-core/1.3/hamcrest-core-1.3.jar:/Users/rbrducki/.m2/repository/org/openjfx/javafx-controls/20/javafx-controls-20.jar:/Users/rbrducki/.m2/repository/org/openjfx/javafx-controls/20/javafx-controls-20-mac-aarch64.jar:/Users/rbrducki/.m2/repository/org/openjfx/javafx-graphics/20/javafx-graphics-20.jar:/Users/rbrducki/.m2/repository/org/openjfx/javafx-graphics/20/javafx-graphics-20-mac-aarch64.jar:/Users/rbrducki/.m2/repository/org/openjfx/javafx-base/20/javafx-base-20.jar:/Users/rbrducki/.m2/repository/org/openjfx/javafx-base/20/javafx-base-20-mac-aarch64.jar:/Users/rbrducki/.m2/repository/org/openjfx/javafx-fxml/20/javafx-fxml-20.jar:/Users/rbrducki/.m2/repository/org/openjfx/javafx-fxml/20/javafx-fxml-20-mac-aarch64.jar:/Users/rbrducki/.m2/repository/org/openjfx/javafx-web/20/javafx-web-20.jar:/Users/rbrducki/.m2/repository/org/openjfx/javafx-web/20/javafx-web-20-mac-aarch64.jar:/Users/rbrducki/.m2/repository/org/openjfx/javafx-media/20/javafx-media-20.jar:/Users/rbrducki/.m2/repository/org/openjfx/javafx-media/20/javafx-media-20-mac-aarch64.jar:/Users/rbrducki/.m2/repository/com/google/code/gson/gson/2.9.0/gson-2.9.0.jar:/Users/rbrducki/.m2/repository/org/apache/maven/surefire/surefire-junit4/3.0.0/surefire-junit4-3.0.0.jar:/Users/rbrducki/.m2/repository/org/apache/maven/surefire/common-java5/3.0.0/common-java5-3.0.0.jar:/Users/rbrducki/.m2/repository/org/apache/maven/surefire/common-junit3/3.0.0/common-junit3-3.0.0.jar:/Users/rbrducki/.m2/repository/org/apache/maven/surefire/common-junit4/3.0.0/common-junit4-3.0.0.jar"/>
    <property name="sun.management.compiler" value="HotSpot 64-Bit Tiered Compilers"/>
    <property name="ftp.nonProxyHosts" value="local|*.local|169.254/16|*.169.254/16"/>
    <property name="java.runtime.version" value="20+36-2344"/>
    <property name="user.name" value="rbrducki"/>
    <property name="stdout.encoding" value="UTF-8"/>
    <property name="path.separator" value=":"/>
    <property name="os.version" value="13.4"/>
    <property name="java.runtime.name" value="Java(TM) SE Runtime Environment"/>
    <property name="file.encoding" value="UTF-8"/>
    <property name="java.vm.name" value="Java HotSpot(TM) 64-Bit Server VM"/>
    <property name="localRepository" value="/Users/rbrducki/.m2/repository"/>
    <property name="java.vendor.url.bug" value="https://bugreport.java.com/bugreport/"/>
    <property name="java.io.tmpdir" value="/var/folders/j9/sjgcspd9507gs6mvrnfbqsq80000gn/T/"/>
    <property name="java.version" value="20"/>
    <property name="user.dir" value="/Users/rbrducki/Tabletop/git-projs/Studio/Shelf/Java/Projects/proj4/SpotClone"/>
    <property name="os.arch" value="aarch64"/>
    <property name="java.vm.specification.name" value="Java Virtual Machine Specification"/>
    <property name="native.encoding" value="UTF-8"/>
    <property name="java.library.path" value="/Users/rbrducki/Library/Java/Extensions:/Library/Java/Extensions:/Network/Library/Java/Extensions:/System/Library/Java/Extensions:/usr/lib/java:."/>
    <property name="java.vm.info" value="mixed mode"/>
    <property name="stderr.encoding" value="UTF-8"/>
    <property name="java.vendor" value="Oracle Corporation"/>
    <property name="java.vm.version" value="20+36-2344"/>
    <property name="sun.io.unicode.encoding" value="UnicodeBig"/>
    <property name="socksNonProxyHosts" value="local|*.local|169.254/16|*.169.254/16"/>
    <property name="java.class.version" value="64.0"/>
  </properties>
  <testcase name="shouldAnswerWithTrue" classname="com.mycompany.app.AppTest" time="0"/>
</testsuite>